[0m04:39:11.657213 [debug] [MainThread]: Sending event: {'category': 'dbt', 'action': 'invocation', 'label': 'start', 'context': [<snowplow_tracker.self_describing_json.SelfDescribingJson object at 0x7868c88435c0>, <snowplow_tracker.self_describing_json.SelfDescribingJson object at 0x7868c6824470>, <snowplow_tracker.self_describing_json.SelfDescribingJson object at 0x7868c6a39af0>]}


============================== 04:39:11.662546 | dee0c8fe-288f-411e-88f6-47484baad455 ==============================
[0m04:39:11.662546 [info ] [MainThread]: Running with dbt=1.11.6
[0m04:39:11.664006 [debug] [MainThread]: running dbt with arguments {'log_format': 'default', 'partial_parse': 'True', 'invocation_command': 'dbt init', 'log_cache_events': 'False', 'indirect_selection': 'eager', 'no_print': 'None', 'warn_error': 'None', 'profiles_dir': '/home/codespace/.dbt', 'static_parser': 'True', 'cache_selected_only': 'False', 'write_json': 'True', 'quiet': 'False', 'fail_fast': 'False', 'printer_width': '80', 'log_path': 'logs', 'send_anonymous_usage_stats': 'True', 'introspect': 'True', 'target_path': 'None', 'use_experimental_parser': 'False', 'use_colors': 'True', 'empty': 'None', 'debug': 'False', 'warn_error_options': 'WarnErrorOptionsV2(error=[], warn=[], silence=[])', 'version_check': 'True'}
[0m04:39:11.682812 [info ] [MainThread]: Creating dbt configuration folder at /home/codespace/.dbt
[0m04:40:50.110411 [debug] [MainThread]: Starter project path: /workspaces/dbt_Airbnb/venv/lib/python3.12/site-packages/dbt/include/starter_project
[0m04:40:50.115694 [info ] [MainThread]: 
Your new dbt project "dbt_airbnb_project" was created!

For more information on how to configure the profiles.yml file,
please consult the dbt documentation here:

  https://docs.getdbt.com/docs/configure-your-profile

One more thing:

Need help? Don't hesitate to reach out to us via GitHub issues or on Slack:

  https://community.getdbt.com/

Happy modeling!

[0m04:40:50.116407 [info ] [MainThread]: Setting up your profile.
[0m04:40:53.614094 [debug] [MainThread]: Snowflake adapter: Setting snowflake.connector to ERROR (file logging only)
[0m04:40:53.615904 [debug] [MainThread]: Snowflake adapter: Setting botocore to ERROR (file logging only)
[0m04:40:53.617878 [debug] [MainThread]: Snowflake adapter: Setting boto3 to ERROR (file logging only)
[0m04:43:42.861366 [info ] [MainThread]: Profile dbt_airbnb_project written to /home/codespace/.dbt/profiles.yml using target's profile_template.yml and your supplied values. Run 'dbt debug' to validate the connection.
[0m04:43:42.865204 [debug] [MainThread]: Resource report: {"command_name": "init", "command_success": true, "command_wall_clock_time": 271.28278, "process_in_blocks": "8664", "process_kernel_time": 0.247205, "process_mem_max_rss": "126744", "process_out_blocks": "88", "process_user_time": 1.780079}
[0m04:43:42.866222 [debug] [MainThread]: Command `dbt init` succeeded at 04:43:42.866103 after 271.28 seconds
[0m04:43:42.866796 [debug] [MainThread]: Sending event: {'category': 'dbt', 'action': 'invocation', 'label': 'end', 'context': [<snowplow_tracker.self_describing_json.SelfDescribingJson object at 0x7868c51ba570>, <snowplow_tracker.self_describing_json.SelfDescribingJson object at 0x7868c5543260>, <snowplow_tracker.self_describing_json.SelfDescribingJson object at 0x7868c50316a0>]}
[0m04:43:42.867787 [debug] [MainThread]: Flushing usage events
[0m04:43:43.807977 [debug] [MainThread]: An error was encountered while trying to flush usage events
